#
# There is insufficient memory for the Java Runtime Environment to continue.
# Native memory allocation (malloc) failed to allocate 910736 bytes. Error detail: Chunk::new
# Possible reasons:
#   The system is out of physical RAM or swap space
#   This process is running with CompressedOops enabled, and the Java Heap may be blocking the growth of the native heap
# Possible solutions:
#   Reduce memory load on the system
#   Increase physical memory or swap space
#   Check if swap backing store is full
#   Decrease Java heap size (-Xmx/-Xms)
#   Decrease number of Java threads
#   Decrease Java thread stack sizes (-Xss)
#   Set larger code cache with -XX:ReservedCodeCacheSize=
#   JVM is running with Unscaled Compressed Oops mode in which the Java heap is
#     placed in the first 4GB address space. The Java Heap base address is the
#     maximum limit for the native heap growth. Please use -XX:HeapBaseMinAddress
#     to set the Java Heap base and to place the Java Heap above 4GB virtual address.
# This output file may be truncated or incomplete.
#
#  Out of Memory Error (arena.cpp:168), pid=92752, tid=112576
#
# JRE version: OpenJDK Runtime Environment Temurin-21.0.6+7 (21.0.6+7) (build 21.0.6+7-LTS)
# Java VM: OpenJDK 64-Bit Server VM Temurin-21.0.6+7 (21.0.6+7-LTS, mixed mode, sharing, tiered, compressed oops, compressed class ptrs, parallel gc, windows-amd64)
# No core dump will be written. Minidumps are not enabled by default on client versions of Windows
#

---------------  S U M M A R Y ------------

Command Line: --add-modules=ALL-SYSTEM --add-opens=java.base/java.util=ALL-UNNAMED --add-opens=java.base/java.lang=ALL-UNNAMED --add-opens=java.base/sun.nio.fs=ALL-UNNAMED -Declipse.application=org.eclipse.jdt.ls.core.id1 -Dosgi.bundles.defaultStartLevel=4 -Declipse.product=org.eclipse.jdt.ls.core.product -Djava.import.generatesMetadataFilesAtProjectRoot=false -DDetectVMInstallationsJob.disabled=true -Dfile.encoding=utf8 -XX:+UseParallelGC -XX:GCTimeRatio=4 -XX:AdaptiveSizePolicyWeight=90 -Dsun.zip.disableMemoryMapping=true -Xmx1G -Xms100m -Xlog:disable -javaagent:c:\Users\jihen\.vscode\extensions\redhat.java-1.40.0-win32-x64\lombok\lombok-1.18.36.jar c:\Users\jihen\.vscode\extensions\redhat.java-1.40.0-win32-x64\server\plugins\org.eclipse.equinox.launcher_1.6.1000.v20250131-0606.jar -configuration c:\Users\jihen\AppData\Roaming\Code\User\globalStorage\redhat.java\1.40.0\config_ss_win -data c:\Users\jihen\AppData\Roaming\Code\User\workspaceStorage\9a88cd89399f76a69cc0248c6c6d179c\redhat.java\ss_ws --pipe=\\.\pipe\lsp-e4b2acf906e68b2a27923330fea4c4c6-sock

Host: 11th Gen Intel(R) Core(TM) i5-1135G7 @ 2.40GHz, 8 cores, 7G,  Windows 11 , 64 bit Build 22621 (10.0.22621.4830)
Time: Fri Mar 14 14:55:26 2025 Paris, Madrid elapsed time: 7.475009 seconds (0d 0h 0m 7s)

---------------  T H R E A D  ---------------

Current thread (0x00000145901dc0e0):  JavaThread "C2 CompilerThread0" daemon [_thread_in_native, id=112576, stack(0x000000321c300000,0x000000321c400000) (1024K)]


Current CompileTask:
C2:7475 3214       4       java.lang.invoke.MethodType::makeImpl (109 bytes)

Stack: [0x000000321c300000,0x000000321c400000]
Native frames: (J=compiled Java code, j=interpreted, Vv=VM code, C=native code)
V  [jvm.dll+0x6cdee9]
V  [jvm.dll+0x8a83d1]
V  [jvm.dll+0x8aa8fe]
V  [jvm.dll+0x8aafe3]
V  [jvm.dll+0x27f706]
V  [jvm.dll+0xc500d]
V  [jvm.dll+0xc5543]
V  [jvm.dll+0x2f2acd]
V  [jvm.dll+0x5f6a2a]
V  [jvm.dll+0x250bb2]
V  [jvm.dll+0x24965f]
V  [jvm.dll+0x246ec4]
V  [jvm.dll+0x1c75ee]
V  [jvm.dll+0x25685a]
V  [jvm.dll+0x254dfa]
V  [jvm.dll+0x3f0256]
V  [jvm.dll+0x851f8b]
V  [jvm.dll+0x6cc5ed]
C  [ucrtbase.dll+0x29333]
C  [KERNEL32.DLL+0x1259d]
C  [ntdll.dll+0x5af38]


---------------  P R O C E S S  ---------------

Threads class SMR info:
_java_thread_list=0x0000014597eff270, length=32, elements={
0x0000014538968d90, 0x00000145901cd320, 0x00000145901ce7c0, 0x00000145901d2710,
0x00000145901d5370, 0x00000145901d8850, 0x00000145901d92a0, 0x00000145901dc0e0,
0x00000145901fa850, 0x0000014591c53750, 0x0000014591e10020, 0x0000014596421860,
0x000001459679fa30, 0x000001459641ac70, 0x00000145963ec520, 0x00000145969ae100,
0x0000014596a57a60, 0x0000014596ae6d70, 0x0000014596b604d0, 0x00000145970dffb0,
0x00000145970dec00, 0x00000145970e0640, 0x00000145970ddee0, 0x00000145970de570,
0x00000145970df920, 0x00000145970df290, 0x00000145970dd1c0, 0x00000145970dd850,
0x00000145970b3440, 0x00000145970b4e80, 0x00000145970b5510, 0x00000145970b6230
}

Java Threads: ( => current thread )
  0x0000014538968d90 JavaThread "main"                              [_thread_blocked, id=103452, stack(0x000000321b900000,0x000000321ba00000) (1024K)]
  0x00000145901cd320 JavaThread "Reference Handler"          daemon [_thread_blocked, id=93856, stack(0x000000321bd00000,0x000000321be00000) (1024K)]
  0x00000145901ce7c0 JavaThread "Finalizer"                  daemon [_thread_blocked, id=94700, stack(0x000000321be00000,0x000000321bf00000) (1024K)]
  0x00000145901d2710 JavaThread "Signal Dispatcher"          daemon [_thread_blocked, id=112856, stack(0x000000321bf00000,0x000000321c000000) (1024K)]
  0x00000145901d5370 JavaThread "Attach Listener"            daemon [_thread_blocked, id=109168, stack(0x000000321c000000,0x000000321c100000) (1024K)]
  0x00000145901d8850 JavaThread "Service Thread"             daemon [_thread_blocked, id=113404, stack(0x000000321c100000,0x000000321c200000) (1024K)]
  0x00000145901d92a0 JavaThread "Monitor Deflation Thread"   daemon [_thread_blocked, id=112764, stack(0x000000321c200000,0x000000321c300000) (1024K)]
=>0x00000145901dc0e0 JavaThread "C2 CompilerThread0"         daemon [_thread_in_native, id=112576, stack(0x000000321c300000,0x000000321c400000) (1024K)]
  0x00000145901fa850 JavaThread "C1 CompilerThread0"         daemon [_thread_blocked, id=112968, stack(0x000000321c400000,0x000000321c500000) (1024K)]
  0x0000014591c53750 JavaThread "Common-Cleaner"             daemon [_thread_blocked, id=111844, stack(0x000000321c500000,0x000000321c600000) (1024K)]
  0x0000014591e10020 JavaThread "Notification Thread"        daemon [_thread_blocked, id=93480, stack(0x000000321c600000,0x000000321c700000) (1024K)]
  0x0000014596421860 JavaThread "Active Thread: Equinox Container: f1032642-aa7d-4fd6-b311-295090b69931"        [_thread_blocked, id=109256, stack(0x000000321cd00000,0x000000321ce00000) (1024K)]
  0x000001459679fa30 JavaThread "Framework Event Dispatcher: Equinox Container: f1032642-aa7d-4fd6-b311-295090b69931" daemon [_thread_blocked, id=92840, stack(0x000000321ce00000,0x000000321cf00000) (1024K)]
  0x000001459641ac70 JavaThread "Start Level: Equinox Container: f1032642-aa7d-4fd6-b311-295090b69931" daemon [_thread_blocked, id=112288, stack(0x000000321cf00000,0x000000321d000000) (1024K)]
  0x00000145963ec520 JavaThread "SCR Component Actor"        daemon [_thread_blocked, id=109024, stack(0x000000321d000000,0x000000321d100000) (1024K)]
  0x00000145969ae100 JavaThread "SCR Component Registry"     daemon [_thread_blocked, id=92640, stack(0x000000321d200000,0x000000321d300000) (1024K)]
  0x0000014596a57a60 JavaThread "Worker-JM"                         [_thread_blocked, id=110848, stack(0x000000321d300000,0x000000321d400000) (1024K)]
  0x0000014596ae6d70 JavaThread "Worker-0"                          [_thread_blocked, id=108316, stack(0x000000321d400000,0x000000321d500000) (1024K)]
  0x0000014596b604d0 JavaThread "Worker-1"                          [_thread_blocked, id=112912, stack(0x000000321d500000,0x000000321d600000) (1024K)]
  0x00000145970dffb0 JavaThread "JNA Cleaner"                daemon [_thread_blocked, id=112840, stack(0x000000321d600000,0x000000321d700000) (1024K)]
  0x00000145970dec00 JavaThread "Thread-2"                   daemon [_thread_in_native, id=113492, stack(0x000000321d700000,0x000000321d800000) (1024K)]
  0x00000145970e0640 JavaThread "Thread-3"                   daemon [_thread_in_native, id=95224, stack(0x000000321d800000,0x000000321d900000) (1024K)]
  0x00000145970ddee0 JavaThread "Thread-4"                   daemon [_thread_in_native, id=102748, stack(0x000000321d900000,0x000000321da00000) (1024K)]
  0x00000145970de570 JavaThread "Thread-5"                   daemon [_thread_in_native, id=88404, stack(0x000000321da00000,0x000000321db00000) (1024K)]
  0x00000145970df920 JavaThread "Thread-6"                   daemon [_thread_in_native, id=57600, stack(0x000000321db00000,0x000000321dc00000) (1024K)]
  0x00000145970df290 JavaThread "Thread-7"                   daemon [_thread_in_native, id=112960, stack(0x000000321dc00000,0x000000321dd00000) (1024K)]
  0x00000145970dd1c0 JavaThread "Thread-8"                   daemon [_thread_in_native, id=86744, stack(0x000000321dd00000,0x000000321de00000) (1024K)]
  0x00000145970dd850 JavaThread "Thread-9"                   daemon [_thread_in_native, id=108748, stack(0x000000321de00000,0x000000321df00000) (1024K)]
  0x00000145970b3440 JavaThread "Thread-10"                  daemon [_thread_in_native, id=61864, stack(0x000000321df00000,0x000000321e000000) (1024K)]
  0x00000145970b4e80 JavaThread "pool-2-thread-1"                   [_thread_blocked, id=104156, stack(0x000000321e000000,0x000000321e100000) (1024K)]
  0x00000145970b5510 JavaThread "WorkspaceEventsHandler"            [_thread_blocked, id=108848, stack(0x000000321e100000,0x000000321e200000) (1024K)]
  0x00000145970b6230 JavaThread "pool-1-thread-1"                   [_thread_in_native, id=99164, stack(0x000000321e200000,0x000000321e300000) (1024K)]
Total: 32

Other Threads:
  0x000001453adf9580 VMThread "VM Thread"                           [id=110760, stack(0x000000321bc00000,0x000000321bd00000) (1024K)]
  0x000001453adc9650 WatcherThread "VM Periodic Task Thread"        [id=111068, stack(0x000000321bb00000,0x000000321bc00000) (1024K)]
  0x000001453ad7c560 WorkerThread "GC Thread#0"                     [id=91096, stack(0x000000321ba00000,0x000000321bb00000) (1024K)]
  0x00000145966240d0 WorkerThread "GC Thread#1"                     [id=112784, stack(0x000000321c700000,0x000000321c800000) (1024K)]
  0x00000145961ccb40 WorkerThread "GC Thread#2"                     [id=112704, stack(0x000000321c800000,0x000000321c900000) (1024K)]
  0x0000014596096060 WorkerThread "GC Thread#3"                     [id=113440, stack(0x000000321c900000,0x000000321ca00000) (1024K)]
  0x0000014596096400 WorkerThread "GC Thread#4"                     [id=105296, stack(0x000000321ca00000,0x000000321cb00000) (1024K)]
  0x00000145960967a0 WorkerThread "GC Thread#5"                     [id=102360, stack(0x000000321cb00000,0x000000321cc00000) (1024K)]
  0x0000014596096b40 WorkerThread "GC Thread#6"                     [id=106948, stack(0x000000321cc00000,0x000000321cd00000) (1024K)]
  0x000001459657b320 WorkerThread "GC Thread#7"                     [id=103316, stack(0x000000321d100000,0x000000321d200000) (1024K)]
Total: 10

Threads with active compile tasks:
C2 CompilerThread0  7508 3214       4       java.lang.invoke.MethodType::makeImpl (109 bytes)
Total: 1

VM state: not at safepoint (normal execution)

VM Mutex/Monitor currently owned by a thread: None

Heap address: 0x00000000c0000000, size: 1024 MB, Compressed Oops mode: 32-bit

CDS archive(s) mapped at: [0x000001454f000000-0x000001454fba0000-0x000001454fba0000), size 12189696, SharedBaseAddress: 0x000001454f000000, ArchiveRelocationMode: 1.
Compressed class space mapped at: 0x0000014550000000-0x0000014590000000, reserved size: 1073741824
Narrow klass base: 0x000001454f000000, Narrow klass shift: 0, Narrow klass range: 0x100000000

GC Precious Log:
 CardTable entry size: 512
 CPUs: 8 total, 8 available
 Memory: 7886M
 Large Page Support: Disabled
 NUMA Support: Disabled
 Compressed Oops: Enabled (32-bit)
 Alignments: Space 512K, Generation 512K, Heap 2M
 Heap Min Capacity: 100M
 Heap Initial Capacity: 100M
 Heap Max Capacity: 1G
 Pre-touch: Disabled
 Parallel Workers: 8

Heap:
 PSYoungGen      total 26624K, used 17572K [0x00000000eab00000, 0x00000000eca80000, 0x0000000100000000)
  eden space 24576K, 64% used [0x00000000eab00000,0x00000000eba80850,0x00000000ec300000)
  from space 2048K, 82% used [0x00000000ec380000,0x00000000ec528a70,0x00000000ec580000)
  to   space 3584K, 0% used [0x00000000ec700000,0x00000000ec700000,0x00000000eca80000)
 ParOldGen       total 68608K, used 10637K [0x00000000c0000000, 0x00000000c4300000, 0x00000000eab00000)
  object space 68608K, 15% used [0x00000000c0000000,0x00000000c0a63640,0x00000000c4300000)
 Metaspace       used 27676K, committed 28480K, reserved 1114112K
  class space    used 2686K, committed 3008K, reserved 1048576K

Card table byte_map: [0x000001453a6f0000,0x000001453a900000] _byte_map_base: 0x000001453a0f0000

Marking Bits: (ParMarkBitMap*) 0x00007ff9dfd33260
 Begin Bits: [0x000001454cf40000, 0x000001454df40000)
 End Bits:   [0x000001454df40000, 0x000001454ef40000)

Polling page: 0x0000014538bb0000

Metaspace:

Usage:
  Non-class:     24.40 MB used.
      Class:      2.62 MB used.
       Both:     27.03 MB used.

Virtual space:
  Non-class space:       64.00 MB reserved,      24.88 MB ( 39%) committed,  1 nodes.
      Class space:        1.00 GB reserved,       2.94 MB ( <1%) committed,  1 nodes.
             Both:        1.06 GB reserved,      27.81 MB (  3%) committed. 

Chunk freelists:
   Non-Class:  6.29 MB
       Class:  13.03 MB
        Both:  19.32 MB

MaxMetaspaceSize: unlimited
CompressedClassSpaceSize: 1.00 GB
Initial GC threshold: 21.00 MB
Current GC threshold: 35.00 MB
CDS: on
 - commit_granule_bytes: 65536.
 - commit_granule_words: 8192.
 - virtual_space_node_default_size: 8388608.
 - enlarge_chunks_in_place: 1.
 - use_allocation_guard: 0.


Internal statistics:

num_allocs_failed_limit: 3.
num_arena_births: 542.
num_arena_deaths: 14.
num_vsnodes_births: 2.
num_vsnodes_deaths: 0.
num_space_committed: 445.
num_space_uncommitted: 0.
num_chunks_returned_to_freelist: 17.
num_chunks_taken_from_freelist: 1581.
num_chunk_merges: 8.
num_chunk_splits: 1043.
num_chunks_enlarged: 664.
num_inconsistent_stats: 0.

CodeHeap 'non-profiled nmethods': size=120000Kb used=1376Kb max_used=1376Kb free=118623Kb
 bounds [0x0000014545a10000, 0x0000014545c80000, 0x000001454cf40000]
CodeHeap 'profiled nmethods': size=120000Kb used=6527Kb max_used=6527Kb free=113472Kb
 bounds [0x000001453df40000, 0x000001453e5a0000, 0x0000014545470000]
CodeHeap 'non-nmethods': size=5760Kb used=1345Kb max_used=1375Kb free=4414Kb
 bounds [0x0000014545470000, 0x00000145456e0000, 0x0000014545a10000]
 total_blobs=3885 nmethods=3259 adapters=532
 compilation: enabled
              stopped_count=0, restarted_count=0
 full_count=0

Compilation events (20 events):
Event: 7.428 Thread 0x00000145901fa850 3256       3       java.lang.reflect.Constructor::setConstructorAccessor (20 bytes)
Event: 7.428 Thread 0x00000145901fa850 nmethod 3256 0x000001453e59a010 code [0x000001453e59a1c0, 0x000001453e59a400]
Event: 7.428 Thread 0x00000145901fa850 3257       3       java.lang.invoke.DirectMethodHandle$Holder::invokeStatic (22 bytes)
Event: 7.428 Thread 0x00000145901fa850 nmethod 3257 0x000001453e59a510 code [0x000001453e59a6e0, 0x000001453e59ab38]
Event: 7.428 Thread 0x00000145901fa850 3258       3       com.google.gson.stream.JsonReader::peek (144 bytes)
Event: 7.429 Thread 0x00000145901fa850 nmethod 3258 0x000001453e59ac90 code [0x000001453e59aec0, 0x000001453e59b528]
Event: 7.433 Thread 0x00000145901fa850 3259       3       java.lang.AbstractStringBuilder::appendChars (130 bytes)
Event: 7.434 Thread 0x00000145901fa850 nmethod 3259 0x000001453e59b690 code [0x000001453e59b8a0, 0x000001453e59be00]
Event: 7.434 Thread 0x00000145901fa850 3260       3       java.lang.AbstractStringBuilder::append (37 bytes)
Event: 7.434 Thread 0x00000145901fa850 nmethod 3260 0x000001453e59c090 code [0x000001453e59c260, 0x000001453e59c560]
Event: 7.460 Thread 0x00000145901fa850 3261       3       com.google.gson.stream.JsonReader::nextName (86 bytes)
Event: 7.461 Thread 0x00000145901fa850 nmethod 3261 0x000001453e59c710 code [0x000001453e59c920, 0x000001453e59ce68]
Event: 7.461 Thread 0x00000145901fa850 3262       3       com.google.gson.stream.JsonReader::peekKeyword (269 bytes)
Event: 7.463 Thread 0x00000145901fa850 nmethod 3262 0x000001453e59d010 code [0x000001453e59d320, 0x000001453e59e5a0]
Event: 7.463 Thread 0x00000145901fa850 3263       3       com.google.gson.stream.JsonReader::isLiteral (148 bytes)
Event: 7.463 Thread 0x00000145901fa850 nmethod 3263 0x000001453e59ed10 code [0x000001453e59eee0, 0x000001453e59f2e8]
Event: 7.463 Thread 0x00000145901fa850 3264       3       java.nio.ByteBuffer::arrayOffset (35 bytes)
Event: 7.463 Thread 0x00000145901fa850 nmethod 3264 0x000001453e59f410 code [0x000001453e59f5e0, 0x000001453e59f898]
Event: 7.465 Thread 0x00000145901fa850 3266       3       jdk.internal.misc.VM::isModuleSystemInited (13 bytes)
Event: 7.465 Thread 0x00000145901fa850 nmethod 3266 0x000001453e59f990 code [0x000001453e59fb20, 0x000001453e59fc70]

GC Heap History (16 events):
Event: 1.695 GC heap before
{Heap before GC invocations=1 (full 0):
 PSYoungGen      total 29696K, used 25600K [0x00000000eab00000, 0x00000000ecc00000, 0x0000000100000000)
  eden space 25600K, 100% used [0x00000000eab00000,0x00000000ec400000,0x00000000ec400000)
  from space 4096K, 0% used [0x00000000ec800000,0x00000000ec800000,0x00000000ecc00000)
  to   space 4096K, 0% used [0x00000000ec400000,0x00000000ec400000,0x00000000ec800000)
 ParOldGen       total 68608K, used 0K [0x00000000c0000000, 0x00000000c4300000, 0x00000000eab00000)
  object space 68608K, 0% used [0x00000000c0000000,0x00000000c0000000,0x00000000c4300000)
 Metaspace       used 4346K, committed 4544K, reserved 1114112K
  class space    used 438K, committed 512K, reserved 1048576K
}
Event: 1.726 GC heap after
{Heap after GC invocations=1 (full 0):
 PSYoungGen      total 29696K, used 3182K [0x00000000eab00000, 0x00000000ecc00000, 0x0000000100000000)
  eden space 25600K, 0% used [0x00000000eab00000,0x00000000eab00000,0x00000000ec400000)
  from space 4096K, 77% used [0x00000000ec400000,0x00000000ec71baa0,0x00000000ec800000)
  to   space 4096K, 0% used [0x00000000ec800000,0x00000000ec800000,0x00000000ecc00000)
 ParOldGen       total 68608K, used 0K [0x00000000c0000000, 0x00000000c4300000, 0x00000000eab00000)
  object space 68608K, 0% used [0x00000000c0000000,0x00000000c0000000,0x00000000c4300000)
 Metaspace       used 4346K, committed 4544K, reserved 1114112K
  class space    used 438K, committed 512K, reserved 1048576K
}
Event: 3.148 GC heap before
{Heap before GC invocations=2 (full 0):
 PSYoungGen      total 29696K, used 28782K [0x00000000eab00000, 0x00000000ecc00000, 0x0000000100000000)
  eden space 25600K, 100% used [0x00000000eab00000,0x00000000ec400000,0x00000000ec400000)
  from space 4096K, 77% used [0x00000000ec400000,0x00000000ec71baa0,0x00000000ec800000)
  to   space 4096K, 0% used [0x00000000ec800000,0x00000000ec800000,0x00000000ecc00000)
 ParOldGen       total 68608K, used 0K [0x00000000c0000000, 0x00000000c4300000, 0x00000000eab00000)
  object space 68608K, 0% used [0x00000000c0000000,0x00000000c0000000,0x00000000c4300000)
 Metaspace       used 8141K, committed 8512K, reserved 1114112K
  class space    used 804K, committed 960K, reserved 1048576K
}
Event: 3.153 GC heap after
{Heap after GC invocations=2 (full 0):
 PSYoungGen      total 29696K, used 4090K [0x00000000eab00000, 0x00000000ecc00000, 0x0000000100000000)
  eden space 25600K, 0% used [0x00000000eab00000,0x00000000eab00000,0x00000000ec400000)
  from space 4096K, 99% used [0x00000000ec800000,0x00000000ecbfe938,0x00000000ecc00000)
  to   space 4096K, 0% used [0x00000000ec400000,0x00000000ec400000,0x00000000ec800000)
 ParOldGen       total 68608K, used 817K [0x00000000c0000000, 0x00000000c4300000, 0x00000000eab00000)
  object space 68608K, 1% used [0x00000000c0000000,0x00000000c00cc698,0x00000000c4300000)
 Metaspace       used 8141K, committed 8512K, reserved 1114112K
  class space    used 804K, committed 960K, reserved 1048576K
}
Event: 4.299 GC heap before
{Heap before GC invocations=3 (full 0):
 PSYoungGen      total 29696K, used 29690K [0x00000000eab00000, 0x00000000ecc00000, 0x0000000100000000)
  eden space 25600K, 100% used [0x00000000eab00000,0x00000000ec400000,0x00000000ec400000)
  from space 4096K, 99% used [0x00000000ec800000,0x00000000ecbfe938,0x00000000ecc00000)
  to   space 4096K, 0% used [0x00000000ec400000,0x00000000ec400000,0x00000000ec800000)
 ParOldGen       total 68608K, used 817K [0x00000000c0000000, 0x00000000c4300000, 0x00000000eab00000)
  object space 68608K, 1% used [0x00000000c0000000,0x00000000c00cc698,0x00000000c4300000)
 Metaspace       used 12894K, committed 13376K, reserved 1114112K
  class space    used 1297K, committed 1472K, reserved 1048576K
}
Event: 4.307 GC heap after
{Heap after GC invocations=3 (full 0):
 PSYoungGen      total 29696K, used 4070K [0x00000000eab00000, 0x00000000ecc00000, 0x0000000100000000)
  eden space 25600K, 0% used [0x00000000eab00000,0x00000000eab00000,0x00000000ec400000)
  from space 4096K, 99% used [0x00000000ec400000,0x00000000ec7f9a60,0x00000000ec800000)
  to   space 4096K, 0% used [0x00000000ec800000,0x00000000ec800000,0x00000000ecc00000)
 ParOldGen       total 68608K, used 2737K [0x00000000c0000000, 0x00000000c4300000, 0x00000000eab00000)
  object space 68608K, 3% used [0x00000000c0000000,0x00000000c02ac6e8,0x00000000c4300000)
 Metaspace       used 12894K, committed 13376K, reserved 1114112K
  class space    used 1297K, committed 1472K, reserved 1048576K
}
Event: 4.712 GC heap before
{Heap before GC invocations=4 (full 0):
 PSYoungGen      total 29696K, used 29670K [0x00000000eab00000, 0x00000000ecc00000, 0x0000000100000000)
  eden space 25600K, 100% used [0x00000000eab00000,0x00000000ec400000,0x00000000ec400000)
  from space 4096K, 99% used [0x00000000ec400000,0x00000000ec7f9a60,0x00000000ec800000)
  to   space 4096K, 0% used [0x00000000ec800000,0x00000000ec800000,0x00000000ecc00000)
 ParOldGen       total 68608K, used 2737K [0x00000000c0000000, 0x00000000c4300000, 0x00000000eab00000)
  object space 68608K, 3% used [0x00000000c0000000,0x00000000c02ac6e8,0x00000000c4300000)
 Metaspace       used 15773K, committed 16448K, reserved 1114112K
  class space    used 1563K, committed 1856K, reserved 1048576K
}
Event: 4.717 GC heap after
{Heap after GC invocations=4 (full 0):
 PSYoungGen      total 29696K, used 4089K [0x00000000eab00000, 0x00000000ecc00000, 0x0000000100000000)
  eden space 25600K, 0% used [0x00000000eab00000,0x00000000eab00000,0x00000000ec400000)
  from space 4096K, 99% used [0x00000000ec800000,0x00000000ecbfe768,0x00000000ecc00000)
  to   space 4096K, 0% used [0x00000000ec400000,0x00000000ec400000,0x00000000ec800000)
 ParOldGen       total 68608K, used 5347K [0x00000000c0000000, 0x00000000c4300000, 0x00000000eab00000)
  object space 68608K, 7% used [0x00000000c0000000,0x00000000c0538f00,0x00000000c4300000)
 Metaspace       used 15773K, committed 16448K, reserved 1114112K
  class space    used 1563K, committed 1856K, reserved 1048576K
}
Event: 5.130 GC heap before
{Heap before GC invocations=5 (full 0):
 PSYoungGen      total 29696K, used 29689K [0x00000000eab00000, 0x00000000ecc00000, 0x0000000100000000)
  eden space 25600K, 100% used [0x00000000eab00000,0x00000000ec400000,0x00000000ec400000)
  from space 4096K, 99% used [0x00000000ec800000,0x00000000ecbfe768,0x00000000ecc00000)
  to   space 4096K, 0% used [0x00000000ec400000,0x00000000ec400000,0x00000000ec800000)
 ParOldGen       total 68608K, used 5347K [0x00000000c0000000, 0x00000000c4300000, 0x00000000eab00000)
  object space 68608K, 7% used [0x00000000c0000000,0x00000000c0538f00,0x00000000c4300000)
 Metaspace       used 19973K, committed 20672K, reserved 1114112K
  class space    used 1867K, committed 2176K, reserved 1048576K
}
Event: 5.134 GC heap after
{Heap after GC invocations=5 (full 0):
 PSYoungGen      total 29184K, used 4093K [0x00000000eab00000, 0x00000000ed080000, 0x0000000100000000)
  eden space 25088K, 0% used [0x00000000eab00000,0x00000000eab00000,0x00000000ec380000)
  from space 4096K, 99% used [0x00000000ec400000,0x00000000ec7ff6e8,0x00000000ec800000)
  to   space 6656K, 0% used [0x00000000eca00000,0x00000000eca00000,0x00000000ed080000)
 ParOldGen       total 68608K, used 7566K [0x00000000c0000000, 0x00000000c4300000, 0x00000000eab00000)
  object space 68608K, 11% used [0x00000000c0000000,0x00000000c0763b78,0x00000000c4300000)
 Metaspace       used 19973K, committed 20672K, reserved 1114112K
  class space    used 1867K, committed 2176K, reserved 1048576K
}
Event: 5.444 GC heap before
{Heap before GC invocations=6 (full 0):
 PSYoungGen      total 29184K, used 23836K [0x00000000eab00000, 0x00000000ed080000, 0x0000000100000000)
  eden space 25088K, 78% used [0x00000000eab00000,0x00000000ebe47b90,0x00000000ec380000)
  from space 4096K, 99% used [0x00000000ec400000,0x00000000ec7ff6e8,0x00000000ec800000)
  to   space 6656K, 0% used [0x00000000eca00000,0x00000000eca00000,0x00000000ed080000)
 ParOldGen       total 68608K, used 7566K [0x00000000c0000000, 0x00000000c4300000, 0x00000000eab00000)
  object space 68608K, 11% used [0x00000000c0000000,0x00000000c0763b78,0x00000000c4300000)
 Metaspace       used 20816K, committed 21504K, reserved 1114112K
  class space    used 1919K, committed 2240K, reserved 1048576K
}
Event: 5.449 GC heap after
{Heap after GC invocations=6 (full 0):
 PSYoungGen      total 30720K, used 5253K [0x00000000eab00000, 0x00000000ecf80000, 0x0000000100000000)
  eden space 25088K, 0% used [0x00000000eab00000,0x00000000eab00000,0x00000000ec380000)
  from space 5632K, 93% used [0x00000000eca00000,0x00000000ecf21548,0x00000000ecf80000)
  to   space 6144K, 0% used [0x00000000ec380000,0x00000000ec380000,0x00000000ec980000)
 ParOldGen       total 68608K, used 7574K [0x00000000c0000000, 0x00000000c4300000, 0x00000000eab00000)
  object space 68608K, 11% used [0x00000000c0000000,0x00000000c0765b78,0x00000000c4300000)
 Metaspace       used 20816K, committed 21504K, reserved 1114112K
  class space    used 1919K, committed 2240K, reserved 1048576K
}
Event: 5.449 GC heap before
{Heap before GC invocations=7 (full 1):
 PSYoungGen      total 30720K, used 5253K [0x00000000eab00000, 0x00000000ecf80000, 0x0000000100000000)
  eden space 25088K, 0% used [0x00000000eab00000,0x00000000eab00000,0x00000000ec380000)
  from space 5632K, 93% used [0x00000000eca00000,0x00000000ecf21548,0x00000000ecf80000)
  to   space 6144K, 0% used [0x00000000ec380000,0x00000000ec380000,0x00000000ec980000)
 ParOldGen       total 68608K, used 7574K [0x00000000c0000000, 0x00000000c4300000, 0x00000000eab00000)
  object space 68608K, 11% used [0x00000000c0000000,0x00000000c0765b78,0x00000000c4300000)
 Metaspace       used 20816K, committed 21504K, reserved 1114112K
  class space    used 1919K, committed 2240K, reserved 1048576K
}
Event: 5.479 GC heap after
{Heap after GC invocations=7 (full 1):
 PSYoungGen      total 30720K, used 0K [0x00000000eab00000, 0x00000000ecf80000, 0x0000000100000000)
  eden space 25088K, 0% used [0x00000000eab00000,0x00000000eab00000,0x00000000ec380000)
  from space 5632K, 0% used [0x00000000eca00000,0x00000000eca00000,0x00000000ecf80000)
  to   space 6144K, 0% used [0x00000000ec380000,0x00000000ec380000,0x00000000ec980000)
 ParOldGen       total 68608K, used 10629K [0x00000000c0000000, 0x00000000c4300000, 0x00000000eab00000)
  object space 68608K, 15% used [0x00000000c0000000,0x00000000c0a61640,0x00000000c4300000)
 Metaspace       used 20804K, committed 21504K, reserved 1114112K
  class space    used 1915K, committed 2240K, reserved 1048576K
}
Event: 6.984 GC heap before
{Heap before GC invocations=8 (full 1):
 PSYoungGen      total 30720K, used 25088K [0x00000000eab00000, 0x00000000ecf80000, 0x0000000100000000)
  eden space 25088K, 100% used [0x00000000eab00000,0x00000000ec380000,0x00000000ec380000)
  from space 5632K, 0% used [0x00000000eca00000,0x00000000eca00000,0x00000000ecf80000)
  to   space 6144K, 0% used [0x00000000ec380000,0x00000000ec380000,0x00000000ec980000)
 ParOldGen       total 68608K, used 10629K [0x00000000c0000000, 0x00000000c4300000, 0x00000000eab00000)
  object space 68608K, 15% used [0x00000000c0000000,0x00000000c0a61640,0x00000000c4300000)
 Metaspace       used 25326K, committed 25984K, reserved 1114112K
  class space    used 2393K, committed 2688K, reserved 1048576K
}
Event: 6.990 GC heap after
{Heap after GC invocations=8 (full 1):
 PSYoungGen      total 26624K, used 1698K [0x00000000eab00000, 0x00000000eca80000, 0x0000000100000000)
  eden space 24576K, 0% used [0x00000000eab00000,0x00000000eab00000,0x00000000ec300000)
  from space 2048K, 82% used [0x00000000ec380000,0x00000000ec528a70,0x00000000ec580000)
  to   space 3584K, 0% used [0x00000000ec700000,0x00000000ec700000,0x00000000eca80000)
 ParOldGen       total 68608K, used 10637K [0x00000000c0000000, 0x00000000c4300000, 0x00000000eab00000)
  object space 68608K, 15% used [0x00000000c0000000,0x00000000c0a63640,0x00000000c4300000)
 Metaspace       used 25326K, committed 25984K, reserved 1114112K
  class space    used 2393K, committed 2688K, reserved 1048576K
}

Dll operation events (10 events):
Event: 0.016 Loaded shared library c:\Users\jihen\.vscode\extensions\redhat.java-1.40.0-win32-x64\jre\21.0.6-win32-x86_64\bin\java.dll
Event: 0.069 Loaded shared library c:\Users\jihen\.vscode\extensions\redhat.java-1.40.0-win32-x64\jre\21.0.6-win32-x86_64\bin\zip.dll
Event: 0.148 Loaded shared library C:\Users\jihen\.vscode\extensions\redhat.java-1.40.0-win32-x64\jre\21.0.6-win32-x86_64\bin\instrument.dll
Event: 0.165 Loaded shared library C:\Users\jihen\.vscode\extensions\redhat.java-1.40.0-win32-x64\jre\21.0.6-win32-x86_64\bin\net.dll
Event: 0.216 Loaded shared library C:\Users\jihen\.vscode\extensions\redhat.java-1.40.0-win32-x64\jre\21.0.6-win32-x86_64\bin\nio.dll
Event: 0.223 Loaded shared library C:\Users\jihen\.vscode\extensions\redhat.java-1.40.0-win32-x64\jre\21.0.6-win32-x86_64\bin\zip.dll
Event: 0.257 Loaded shared library C:\Users\jihen\.vscode\extensions\redhat.java-1.40.0-win32-x64\jre\21.0.6-win32-x86_64\bin\jimage.dll
Event: 0.371 Loaded shared library c:\Users\jihen\.vscode\extensions\redhat.java-1.40.0-win32-x64\jre\21.0.6-win32-x86_64\bin\verify.dll
Event: 2.896 Loaded shared library C:\Users\jihen\AppData\Roaming\Code\User\globalStorage\redhat.java\1.40.0\config_ss_win\org.eclipse.equinox.launcher\org.eclipse.equinox.launcher.win32.win32.x86_64_1.2.1200.v20250212-0927\eclipse_11909.dll
Event: 6.644 Loaded shared library C:\Users\jihen\AppData\Local\Temp\jna-101124466\jna7956240601941530922.dll

Deoptimization events (20 events):
Event: 7.261 Thread 0x0000014538968d90 Uncommon trap: trap_request=0xffffffde fr.pc=0x0000014545b466f0 relative=0x0000000000000050
Event: 7.262 Thread 0x0000014538968d90 Uncommon trap: reason=class_check action=maybe_recompile pc=0x0000014545b466f0 method=java.lang.invoke.DirectMethodHandle.internalMemberName(Ljava/lang/Object;)Ljava/lang/Object; @ 1 c2
Event: 7.262 Thread 0x0000014538968d90 DEOPT PACKING pc=0x0000014545b466f0 sp=0x000000321b9fe190
Event: 7.262 Thread 0x0000014538968d90 DEOPT UNPACKING pc=0x00000145454c6da2 sp=0x000000321b9fe120 mode 2
Event: 7.297 Thread 0x0000014538968d90 Uncommon trap: trap_request=0xffffff45 fr.pc=0x0000014545b35924 relative=0x00000000000000e4
Event: 7.297 Thread 0x0000014538968d90 Uncommon trap: reason=unstable_if action=reinterpret pc=0x0000014545b35924 method=java.lang.CharacterDataLatin1.digit(II)I @ 7 c2
Event: 7.297 Thread 0x0000014538968d90 DEOPT PACKING pc=0x0000014545b35924 sp=0x000000321b9fe380
Event: 7.298 Thread 0x0000014538968d90 DEOPT UNPACKING pc=0x00000145454c6da2 sp=0x000000321b9fe240 mode 2
Event: 7.298 Thread 0x0000014538968d90 Uncommon trap: trap_request=0xffffff45 fr.pc=0x0000014545a4a8c8 relative=0x00000000000000a8
Event: 7.298 Thread 0x0000014538968d90 Uncommon trap: reason=unstable_if action=reinterpret pc=0x0000014545a4a8c8 method=java.lang.CharacterDataLatin1.digit(II)I @ 7 c2
Event: 7.298 Thread 0x0000014538968d90 DEOPT PACKING pc=0x0000014545a4a8c8 sp=0x000000321b9fe2d0
Event: 7.298 Thread 0x0000014538968d90 DEOPT UNPACKING pc=0x00000145454c6da2 sp=0x000000321b9fe250 mode 2
Event: 7.359 Thread 0x0000014538968d90 Uncommon trap: trap_request=0xffffff45 fr.pc=0x0000014545a43d44 relative=0x00000000000002a4
Event: 7.359 Thread 0x0000014538968d90 Uncommon trap: reason=unstable_if action=reinterpret pc=0x0000014545a43d44 method=java.util.HashMap$HashIterator.<init>(Ljava/util/HashMap;)V @ 45 c2
Event: 7.359 Thread 0x0000014538968d90 DEOPT PACKING pc=0x0000014545a43d44 sp=0x000000321b9fe460
Event: 7.359 Thread 0x0000014538968d90 DEOPT UNPACKING pc=0x00000145454c6da2 sp=0x000000321b9fe3f8 mode 2
Event: 7.465 Thread 0x00000145970b6230 Uncommon trap: trap_request=0xffffffde fr.pc=0x0000014545b466f0 relative=0x0000000000000050
Event: 7.465 Thread 0x00000145970b6230 Uncommon trap: reason=class_check action=maybe_recompile pc=0x0000014545b466f0 method=java.lang.invoke.DirectMethodHandle.internalMemberName(Ljava/lang/Object;)Ljava/lang/Object; @ 1 c2
Event: 7.465 Thread 0x00000145970b6230 DEOPT PACKING pc=0x0000014545b466f0 sp=0x000000321e2fe830
Event: 7.465 Thread 0x00000145970b6230 DEOPT UNPACKING pc=0x00000145454c6da2 sp=0x000000321e2fe7c0 mode 2

Classes loaded (20 events):
Event: 7.297 Loading class java/text/CalendarBuilder
Event: 7.297 Loading class java/text/CalendarBuilder done
Event: 7.339 Loading class sun/reflect/generics/repository/FieldRepository
Event: 7.339 Loading class sun/reflect/generics/repository/FieldRepository done
Event: 7.343 Loading class jdk/internal/reflect/MethodHandleIntegerFieldAccessorImpl
Event: 7.344 Loading class jdk/internal/reflect/MethodHandleIntegerFieldAccessorImpl done
Event: 7.355 Loading class java/io/PrintWriter$1
Event: 7.355 Loading class jdk/internal/access/JavaIOPrintWriterAccess
Event: 7.355 Loading class jdk/internal/access/JavaIOPrintWriterAccess done
Event: 7.355 Loading class java/io/PrintWriter$1 done
Event: 7.356 Loading class java/time/format/DateTimeParseContext
Event: 7.357 Loading class java/time/format/DateTimeParseContext done
Event: 7.357 Loading class java/time/format/Parsed
Event: 7.358 Loading class java/time/format/Parsed done
Event: 7.359 Loading class java/time/temporal/TemporalAdjusters
Event: 7.359 Loading class java/time/temporal/TemporalAdjusters done
Event: 7.431 Loading class java/io/InvalidObjectException
Event: 7.432 Loading class java/io/ObjectStreamException
Event: 7.432 Loading class java/io/ObjectStreamException done
Event: 7.432 Loading class java/io/InvalidObjectException done

Classes unloaded (7 events):
Event: 5.454 Thread 0x000001453adf9580 Unloading class 0x000001455017c400 'java/lang/invoke/LambdaForm$MH+0x000001455017c400'
Event: 5.454 Thread 0x000001453adf9580 Unloading class 0x000001455017c000 'java/lang/invoke/LambdaForm$MH+0x000001455017c000'
Event: 5.454 Thread 0x000001453adf9580 Unloading class 0x000001455017bc00 'java/lang/invoke/LambdaForm$MH+0x000001455017bc00'
Event: 5.454 Thread 0x000001453adf9580 Unloading class 0x000001455017b800 'java/lang/invoke/LambdaForm$MH+0x000001455017b800'
Event: 5.454 Thread 0x000001453adf9580 Unloading class 0x000001455017b400 'java/lang/invoke/LambdaForm$BMH+0x000001455017b400'
Event: 5.454 Thread 0x000001453adf9580 Unloading class 0x000001455017b000 'java/lang/invoke/LambdaForm$DMH+0x000001455017b000'
Event: 5.454 Thread 0x000001453adf9580 Unloading class 0x000001455017a000 'java/lang/invoke/LambdaForm$DMH+0x000001455017a000'

Classes redefined (0 events):
No events

Internal exceptions (20 events):
Event: 6.765 Thread 0x000001459641ac70 Exception <a 'java/lang/NoSuchMethodError'{0x00000000ebc11680}: 'void java.lang.invoke.DelegatingMethodHandle$Holder.reinvoke_L(java.lang.Object, java.lang.Object, int)'> (0x00000000ebc11680) 
thrown [s\src\hotspot\share\interpreter\linkResolver.cpp, line 773]
Event: 6.766 Thread 0x000001459641ac70 Exception <a 'java/lang/NoSuchMethodError'{0x00000000ebc180b8}: 'int java.lang.invoke.Invokers$Holder.invokeExact_MT(java.lang.Object, java.lang.Object, java.lang.Object)'> (0x00000000ebc180b8) 
thrown [s\src\hotspot\share\interpreter\linkResolver.cpp, line 773]
Event: 6.773 Thread 0x000001459641ac70 Exception <a 'java/lang/UnsatisfiedLinkError'{0x00000000ebc2bb98}: La procédure spécifiée est introuvable.
> (0x00000000ebc2bb98) 
thrown [s\src\hotspot\share\prims\jni.cpp, line 539]
Event: 6.780 Thread 0x000001459641ac70 Exception <a 'java/lang/NoSuchMethodError'{0x00000000ebc384c8}: 'void java.lang.invoke.Invokers$Holder.invokeExact_MT(java.lang.Object, java.lang.Object, int, java.lang.Object)'> (0x00000000ebc384c8) 
thrown [s\src\hotspot\share\interpreter\linkResolver.cpp, line 773]
Event: 6.843 Thread 0x0000014538968d90 Exception <a 'java/lang/NoSuchMethodError'{0x00000000ebfb0390}: 'java.lang.Object java.lang.invoke.DirectMethodHandle$Holder.invokeStatic(java.lang.Object, long, java.lang.Object)'> (0x00000000ebfb0390) 
thrown [s\src\hotspot\share\interpreter\linkResolver.cpp, line 773]
Event: 6.844 Thread 0x0000014538968d90 Exception <a 'java/lang/NoSuchMethodError'{0x00000000ebfb3a28}: 'java.lang.Object java.lang.invoke.DirectMethodHandle$Holder.invokeStaticInit(java.lang.Object, long, java.lang.Object)'> (0x00000000ebfb3a28) 
thrown [s\src\hotspot\share\interpreter\linkResolver.cpp, line 773]
Event: 6.845 Thread 0x0000014538968d90 Exception <a 'java/lang/NoSuchMethodError'{0x00000000ebfb9430}: 'java.lang.Object java.lang.invoke.DirectMethodHandle$Holder.newInvokeSpecial(java.lang.Object, long)'> (0x00000000ebfb9430) 
thrown [s\src\hotspot\share\interpreter\linkResolver.cpp, line 773]
Event: 6.883 Thread 0x0000014596ae6d70 Exception <a 'java/io/FileNotFoundException'{0x00000000ec257fb8}> (0x00000000ec257fb8) 
thrown [s\src\hotspot\share\prims\jni.cpp, line 520]
Event: 6.884 Thread 0x0000014596ae6d70 Exception <a 'java/io/FileNotFoundException'{0x00000000ec259460}> (0x00000000ec259460) 
thrown [s\src\hotspot\share\prims\jni.cpp, line 520]
Event: 6.890 Thread 0x0000014596ae6d70 Exception <a 'java/lang/NoSuchMethodError'{0x00000000ec267240}: 'java.lang.Object java.lang.invoke.DirectMethodHandle$Holder.newInvokeSpecial(java.lang.Object, java.lang.Object, java.lang.Object, int)'> (0x00000000ec267240) 
thrown [s\src\hotspot\share\interpreter\linkResolver.cpp, line 773]
Event: 6.890 Thread 0x0000014596ae6d70 Exception <a 'java/lang/NoSuchMethodError'{0x00000000ec26b148}: 'java.lang.Object java.lang.invoke.DirectMethodHandle$Holder.invokeSpecial(java.lang.Object, java.lang.Object, java.lang.Object, java.lang.Object, int)'> (0x00000000ec26b148) 
thrown [s\src\hotspot\share\interpreter\linkResolver.cpp, line 773]
Event: 6.891 Thread 0x0000014596ae6d70 Exception <a 'java/lang/NoSuchMethodError'{0x00000000ec26e5f0}: 'java.lang.Object java.lang.invoke.Invokers$Holder.linkToTargetMethod(java.lang.Object, java.lang.Object, int, java.lang.Object)'> (0x00000000ec26e5f0) 
thrown [s\src\hotspot\share\interpreter\linkResolver.cpp, line 773]
Event: 6.893 Thread 0x0000014596ae6d70 Exception <a 'java/lang/NoSuchMethodError'{0x00000000ec279c30}: 'void java.lang.invoke.DirectMethodHandle$Holder.invokeStaticInit(java.lang.Object, java.lang.Object, java.lang.Object)'> (0x00000000ec279c30) 
thrown [s\src\hotspot\share\interpreter\linkResolver.cpp, line 773]
Event: 6.900 Thread 0x0000014596ae6d70 Exception <a 'java/io/FileNotFoundException'{0x00000000ec2a2450}> (0x00000000ec2a2450) 
thrown [s\src\hotspot\share\prims\jni.cpp, line 520]
Event: 6.901 Thread 0x0000014596ae6d70 Exception <a 'java/io/FileNotFoundException'{0x00000000ec2a3588}> (0x00000000ec2a3588) 
thrown [s\src\hotspot\share\prims\jni.cpp, line 520]
Event: 7.254 Thread 0x0000014538968d90 Exception <a 'java/lang/NoSuchMethodError'{0x00000000eb497d18}: 'void java.lang.invoke.DirectMethodHandle$Holder.invokeSpecial(java.lang.Object, java.lang.Object, java.lang.Object, java.lang.Object, java.lang.Object, java.lang.Object)'> (0x00000000eb497d18) 
thrown [s\src\hotspot\share\interpreter\linkResolver.cpp, line 773]
Event: 7.258 Thread 0x0000014538968d90 Exception <a 'java/lang/IncompatibleClassChangeError'{0x00000000eb4a0248}: Found class java.lang.Object, but interface was expected> (0x00000000eb4a0248) 
thrown [s\src\hotspot\share\interpreter\linkResolver.cpp, line 840]
Event: 7.263 Thread 0x0000014538968d90 Exception <a 'java/lang/IncompatibleClassChangeError'{0x00000000eb4a2148}: Found class java.lang.Object, but interface was expected> (0x00000000eb4a2148) 
thrown [s\src\hotspot\share\interpreter\linkResolver.cpp, line 840]
Event: 7.360 Thread 0x0000014538968d90 Exception <a 'java/lang/NoSuchMethodError'{0x00000000eb860ad8}: 'java.lang.Object java.lang.invoke.DirectMethodHandle$Holder.invokeStatic(java.lang.Object, int, java.lang.Object)'> (0x00000000eb860ad8) 
thrown [s\src\hotspot\share\interpreter\linkResolver.cpp, line 773]
Event: 7.464 Thread 0x00000145970b6230 Exception <a 'java/lang/NoSuchMethodError'{0x00000000eba4d020}: 'java.lang.Object java.lang.invoke.DirectMethodHandle$Holder.invokeInterface(java.lang.Object, java.lang.Object, java.lang.Object)'> (0x00000000eba4d020) 
thrown [s\src\hotspot\share\interpreter\linkResolver.cpp, line 773]

ZGC Phase Switch (0 events):
No events

VM Operations (20 events):
Event: 5.431 Executing VM operation: HandshakeAllThreads (Deoptimize)
Event: 5.431 Executing VM operation: HandshakeAllThreads (Deoptimize) done
Event: 5.441 Executing VM operation: HandshakeAllThreads (Deoptimize)
Event: 5.441 Executing VM operation: HandshakeAllThreads (Deoptimize) done
Event: 5.444 Executing VM operation: CollectForMetadataAllocation (Metadata GC Threshold)
Event: 5.479 Executing VM operation: CollectForMetadataAllocation (Metadata GC Threshold) done
Event: 5.643 Executing VM operation: HandshakeAllThreads (Deoptimize)
Event: 5.643 Executing VM operation: HandshakeAllThreads (Deoptimize) done
Event: 5.644 Executing VM operation: HandshakeAllThreads (Deoptimize)
Event: 5.644 Executing VM operation: HandshakeAllThreads (Deoptimize) done
Event: 5.844 Executing VM operation: HandshakeAllThreads (Deoptimize)
Event: 5.844 Executing VM operation: HandshakeAllThreads (Deoptimize) done
Event: 5.908 Executing VM operation: HandshakeAllThreads (Deoptimize)
Event: 5.908 Executing VM operation: HandshakeAllThreads (Deoptimize) done
Event: 6.713 Executing VM operation: HandshakeAllThreads (Deoptimize)
Event: 6.713 Executing VM operation: HandshakeAllThreads (Deoptimize) done
Event: 6.713 Executing VM operation: Cleanup
Event: 6.713 Executing VM operation: Cleanup done
Event: 6.983 Executing VM operation: ParallelGCFailedAllocation (Allocation Failure)
Event: 6.990 Executing VM operation: ParallelGCFailedAllocation (Allocation Failure) done

Memory protections (0 events):
No events

Nmethod flushes (0 events):
No events

Events (20 events):
Event: 3.032 Thread 0x000001459641ac70 Thread added: 0x00000145963ec520
Event: 3.477 Thread 0x000001459641ac70 Thread added: 0x00000145969ae100
Event: 4.114 Thread 0x000001459641ac70 Thread added: 0x0000014596a57a60
Event: 4.458 Thread 0x000001459641ac70 Thread added: 0x0000014596ae6d70
Event: 4.502 Thread 0x000001459641ac70 Thread added: 0x0000014596b604d0
Event: 5.374 Thread 0x000001459641ac70 Thread added: 0x00000145970df920
Event: 5.545 Thread 0x00000145970df920 Thread exited: 0x00000145970df920
Event: 6.723 Thread 0x000001459641ac70 Thread added: 0x00000145970dffb0
Event: 6.860 Thread 0x0000014538968d90 Thread added: 0x00000145970dec00
Event: 6.860 Thread 0x0000014538968d90 Thread added: 0x00000145970e0640
Event: 6.860 Thread 0x0000014538968d90 Thread added: 0x00000145970ddee0
Event: 6.860 Thread 0x0000014538968d90 Thread added: 0x00000145970de570
Event: 6.860 Thread 0x0000014538968d90 Thread added: 0x00000145970df920
Event: 6.860 Thread 0x0000014538968d90 Thread added: 0x00000145970df290
Event: 6.860 Thread 0x0000014538968d90 Thread added: 0x00000145970dd1c0
Event: 6.860 Thread 0x0000014538968d90 Thread added: 0x00000145970dd850
Event: 6.860 Thread 0x0000014538968d90 Thread added: 0x00000145970b3440
Event: 6.966 Thread 0x0000014538968d90 Thread added: 0x00000145970b4e80
Event: 7.294 Thread 0x0000014538968d90 Thread added: 0x00000145970b5510
Event: 7.295 Thread 0x0000014538968d90 Thread added: 0x00000145970b6230


Dynamic libraries:
0x00007ff7f5550000 - 0x00007ff7f555e000 	c:\Users\jihen\.vscode\extensions\redhat.java-1.40.0-win32-x64\jre\21.0.6-win32-x86_64\bin\java.exe
0x00007ffa4ed70000 - 0x00007ffa4ef87000 	C:\WINDOWS\SYSTEM32\ntdll.dll
0x00007ffa4d7e0000 - 0x00007ffa4d8a4000 	C:\WINDOWS\System32\KERNEL32.DLL
0x00007ffa4c050000 - 0x00007ffa4c420000 	C:\WINDOWS\System32\KERNELBASE.dll
0x00007ffa449c0000 - 0x00007ffa44a57000 	C:\WINDOWS\SYSTEM32\apphelp.dll
0x00007ffa4c590000 - 0x00007ffa4c6a1000 	C:\WINDOWS\System32\ucrtbase.dll
0x00007ff9fe3e0000 - 0x00007ff9fe3fe000 	c:\Users\jihen\.vscode\extensions\redhat.java-1.40.0-win32-x64\jre\21.0.6-win32-x86_64\bin\VCRUNTIME140.dll
0x00007ffa2e860000 - 0x00007ffa2e878000 	c:\Users\jihen\.vscode\extensions\redhat.java-1.40.0-win32-x64\jre\21.0.6-win32-x86_64\bin\jli.dll
0x00007ffa4db00000 - 0x00007ffa4dcae000 	C:\WINDOWS\System32\USER32.dll
0x00007ffa4c4e0000 - 0x00007ffa4c506000 	C:\WINDOWS\System32\win32u.dll
0x00007ffa4d450000 - 0x00007ffa4d479000 	C:\WINDOWS\System32\GDI32.dll
0x00007ffa3fb30000 - 0x00007ffa3fdc2000 	C:\WINDOWS\WinSxS\amd64_microsoft.windows.common-controls_6595b64144ccf1df_6.0.22621.4830_none_270fe7d773858e80\COMCTL32.dll
0x00007ffa4d380000 - 0x00007ffa4d427000 	C:\WINDOWS\System32\msvcrt.dll
0x00007ffa4c820000 - 0x00007ffa4c93b000 	C:\WINDOWS\System32\gdi32full.dll
0x00007ffa4c940000 - 0x00007ffa4c9da000 	C:\WINDOWS\System32\msvcp_win.dll
0x00007ffa4d8b0000 - 0x00007ffa4d8e1000 	C:\WINDOWS\System32\IMM32.DLL
0x00007ffa2f460000 - 0x00007ffa2f46c000 	c:\Users\jihen\.vscode\extensions\redhat.java-1.40.0-win32-x64\jre\21.0.6-win32-x86_64\bin\vcruntime140_1.dll
0x00007ff9f31c0000 - 0x00007ff9f324d000 	c:\Users\jihen\.vscode\extensions\redhat.java-1.40.0-win32-x64\jre\21.0.6-win32-x86_64\bin\msvcp140.dll
0x00007ff9df080000 - 0x00007ff9dfe10000 	c:\Users\jihen\.vscode\extensions\redhat.java-1.40.0-win32-x64\jre\21.0.6-win32-x86_64\bin\server\jvm.dll
0x00007ffa4ca60000 - 0x00007ffa4cb11000 	C:\WINDOWS\System32\ADVAPI32.dll
0x00007ffa4d720000 - 0x00007ffa4d7c7000 	C:\WINDOWS\System32\sechost.dll
0x00007ffa4c020000 - 0x00007ffa4c048000 	C:\WINDOWS\System32\bcrypt.dll
0x00007ffa4e0c0000 - 0x00007ffa4e1d4000 	C:\WINDOWS\System32\RPCRT4.dll
0x00007ffa4ce70000 - 0x00007ffa4cee1000 	C:\WINDOWS\System32\WS2_32.dll
0x00007ffa4bd40000 - 0x00007ffa4bd8d000 	C:\WINDOWS\SYSTEM32\POWRPROF.dll
0x00007ffa44d50000 - 0x00007ffa44d84000 	C:\WINDOWS\SYSTEM32\WINMM.dll
0x00007ffa44c70000 - 0x00007ffa44c7a000 	C:\WINDOWS\SYSTEM32\VERSION.dll
0x00007ffa4bd20000 - 0x00007ffa4bd33000 	C:\WINDOWS\SYSTEM32\UMPDC.dll
0x00007ffa4b060000 - 0x00007ffa4b078000 	C:\WINDOWS\SYSTEM32\kernel.appcore.dll
0x00007ffa2eaf0000 - 0x00007ffa2eafa000 	c:\Users\jihen\.vscode\extensions\redhat.java-1.40.0-win32-x64\jre\21.0.6-win32-x86_64\bin\jimage.dll
0x00007ffa49950000 - 0x00007ffa49b82000 	C:\WINDOWS\SYSTEM32\DBGHELP.DLL
0x00007ffa4dd30000 - 0x00007ffa4e0c0000 	C:\WINDOWS\System32\combase.dll
0x00007ffa4cbd0000 - 0x00007ffa4cca7000 	C:\WINDOWS\System32\OLEAUT32.dll
0x00007ffa42250000 - 0x00007ffa42282000 	C:\WINDOWS\SYSTEM32\dbgcore.DLL
0x00007ffa4c9e0000 - 0x00007ffa4ca5b000 	C:\WINDOWS\System32\bcryptPrimitives.dll
0x00007ffa2d290000 - 0x00007ffa2d29f000 	c:\Users\jihen\.vscode\extensions\redhat.java-1.40.0-win32-x64\jre\21.0.6-win32-x86_64\bin\instrument.dll
0x00007ff9fe2b0000 - 0x00007ff9fe2cf000 	c:\Users\jihen\.vscode\extensions\redhat.java-1.40.0-win32-x64\jre\21.0.6-win32-x86_64\bin\java.dll
0x00007ffa4e3a0000 - 0x00007ffa4ec18000 	C:\WINDOWS\System32\SHELL32.dll
0x00007ffa49f70000 - 0x00007ffa4a880000 	C:\WINDOWS\SYSTEM32\windows.storage.dll
0x00007ffa49e30000 - 0x00007ffa49f6f000 	C:\WINDOWS\SYSTEM32\wintypes.dll
0x00007ffa4ec20000 - 0x00007ffa4ed2a000 	C:\WINDOWS\System32\SHCORE.dll
0x00007ffa4dcb0000 - 0x00007ffa4dd0e000 	C:\WINDOWS\System32\shlwapi.dll
0x00007ffa4bf50000 - 0x00007ffa4bf7b000 	C:\WINDOWS\SYSTEM32\profapi.dll
0x00007ff9fd200000 - 0x00007ff9fd218000 	c:\Users\jihen\.vscode\extensions\redhat.java-1.40.0-win32-x64\jre\21.0.6-win32-x86_64\bin\zip.dll
0x00007ffa16840000 - 0x00007ffa16850000 	C:\Users\jihen\.vscode\extensions\redhat.java-1.40.0-win32-x64\jre\21.0.6-win32-x86_64\bin\net.dll
0x00007ffa46070000 - 0x00007ffa4619c000 	C:\WINDOWS\SYSTEM32\WINHTTP.dll
0x00007ffa4b4e0000 - 0x00007ffa4b54a000 	C:\WINDOWS\system32\mswsock.dll
0x00007ff9fd0e0000 - 0x00007ff9fd0f6000 	C:\Users\jihen\.vscode\extensions\redhat.java-1.40.0-win32-x64\jre\21.0.6-win32-x86_64\bin\nio.dll
0x00007ffa16780000 - 0x00007ffa16790000 	c:\Users\jihen\.vscode\extensions\redhat.java-1.40.0-win32-x64\jre\21.0.6-win32-x86_64\bin\verify.dll
0x00007ff9f7bc0000 - 0x00007ff9f7c05000 	C:\Users\jihen\AppData\Roaming\Code\User\globalStorage\redhat.java\1.40.0\config_ss_win\org.eclipse.equinox.launcher\org.eclipse.equinox.launcher.win32.win32.x86_64_1.2.1200.v20250212-0927\eclipse_11909.dll
0x00007ffa4d480000 - 0x00007ffa4d621000 	C:\WINDOWS\System32\ole32.dll
0x00007ffa4b740000 - 0x00007ffa4b75b000 	C:\WINDOWS\SYSTEM32\CRYPTSP.dll
0x00007ffa4afc0000 - 0x00007ffa4aff5000 	C:\WINDOWS\system32\rsaenh.dll
0x00007ffa4b5d0000 - 0x00007ffa4b5f8000 	C:\WINDOWS\SYSTEM32\USERENV.dll
0x00007ffa4b730000 - 0x00007ffa4b73c000 	C:\WINDOWS\SYSTEM32\CRYPTBASE.dll
0x00007ffa4aae0000 - 0x00007ffa4ab0d000 	C:\WINDOWS\SYSTEM32\IPHLPAPI.DLL
0x00007ffa4d7d0000 - 0x00007ffa4d7d9000 	C:\WINDOWS\System32\NSI.dll
0x00007ff9f4660000 - 0x00007ff9f46a9000 	C:\Users\jihen\AppData\Local\Temp\jna-101124466\jna7956240601941530922.dll
0x00007ffa4cef0000 - 0x00007ffa4cef8000 	C:\WINDOWS\System32\PSAPI.DLL
0x00007ffa45120000 - 0x00007ffa45139000 	C:\WINDOWS\SYSTEM32\dhcpcsvc6.DLL
0x00007ffa45100000 - 0x00007ffa4511f000 	C:\WINDOWS\SYSTEM32\dhcpcsvc.DLL

dbghelp: loaded successfully - version: 4.0.5 - missing functions: none
symbol engine: initialized successfully - sym options: 0x614 - pdb path: .;c:\Users\jihen\.vscode\extensions\redhat.java-1.40.0-win32-x64\jre\21.0.6-win32-x86_64\bin;C:\WINDOWS\SYSTEM32;C:\WINDOWS\WinSxS\amd64_microsoft.windows.common-controls_6595b64144ccf1df_6.0.22621.4830_none_270fe7d773858e80;c:\Users\jihen\.vscode\extensions\redhat.java-1.40.0-win32-x64\jre\21.0.6-win32-x86_64\bin\server;C:\Users\jihen\AppData\Roaming\Code\User\globalStorage\redhat.java\1.40.0\config_ss_win\org.eclipse.equinox.launcher\org.eclipse.equinox.launcher.win32.win32.x86_64_1.2.1200.v20250212-0927;C:\Users\jihen\AppData\Local\Temp\jna-101124466

VM Arguments:
jvm_args: --add-modules=ALL-SYSTEM --add-opens=java.base/java.util=ALL-UNNAMED --add-opens=java.base/java.lang=ALL-UNNAMED --add-opens=java.base/sun.nio.fs=ALL-UNNAMED -Declipse.application=org.eclipse.jdt.ls.core.id1 -Dosgi.bundles.defaultStartLevel=4 -Declipse.product=org.eclipse.jdt.ls.core.product -Djava.import.generatesMetadataFilesAtProjectRoot=false -DDetectVMInstallationsJob.disabled=true -Dfile.encoding=utf8 -XX:+UseParallelGC -XX:GCTimeRatio=4 -XX:AdaptiveSizePolicyWeight=90 -Dsun.zip.disableMemoryMapping=true -Xmx1G -Xms100m -Xlog:disable -javaagent:c:\Users\jihen\.vscode\extensions\redhat.java-1.40.0-win32-x64\lombok\lombok-1.18.36.jar 
java_command: c:\Users\jihen\.vscode\extensions\redhat.java-1.40.0-win32-x64\server\plugins\org.eclipse.equinox.launcher_1.6.1000.v20250131-0606.jar -configuration c:\Users\jihen\AppData\Roaming\Code\User\globalStorage\redhat.java\1.40.0\config_ss_win -data c:\Users\jihen\AppData\Roaming\Code\User\workspaceStorage\9a88cd89399f76a69cc0248c6c6d179c\redhat.java\ss_ws --pipe=\\.\pipe\lsp-e4b2acf906e68b2a27923330fea4c4c6-sock
java_class_path (initial): c:\Users\jihen\.vscode\extensions\redhat.java-1.40.0-win32-x64\server\plugins\org.eclipse.equinox.launcher_1.6.1000.v20250131-0606.jar
Launcher Type: SUN_STANDARD

[Global flags]
    uintx AdaptiveSizePolicyWeight                 = 90                                        {product} {command line}
     intx CICompilerCount                          = 4                                         {product} {ergonomic}
    uintx GCTimeRatio                              = 4                                         {product} {command line}
   size_t InitialHeapSize                          = 104857600                                 {product} {command line}
   size_t MaxHeapSize                              = 1073741824                                {product} {command line}
   size_t MaxNewSize                               = 357564416                                 {product} {ergonomic}
   size_t MinHeapDeltaBytes                        = 524288                                    {product} {ergonomic}
   size_t MinHeapSize                              = 104857600                                 {product} {command line}
   size_t NewSize                                  = 34603008                                  {product} {ergonomic}
    uintx NonNMethodCodeHeapSize                   = 5839372                                {pd product} {ergonomic}
    uintx NonProfiledCodeHeapSize                  = 122909434                              {pd product} {ergonomic}
   size_t OldSize                                  = 70254592                                  {product} {ergonomic}
    uintx ProfiledCodeHeapSize                     = 122909434                              {pd product} {ergonomic}
    uintx ReservedCodeCacheSize                    = 251658240                              {pd product} {ergonomic}
     bool SegmentedCodeCache                       = true                                      {product} {ergonomic}
   size_t SoftMaxHeapSize                          = 1073741824                             {manageable} {ergonomic}
     bool UseCompressedOops                        = true                           {product lp64_product} {ergonomic}
     bool UseLargePagesIndividualAllocation        = false                                  {pd product} {ergonomic}
     bool UseParallelGC                            = true                                      {product} {command line}

Logging:
Log output configuration:
 #0: stdout all=off uptime,level,tags foldmultilines=false
 #1: stderr all=off uptime,level,tags foldmultilines=false

Environment Variables:
JAVA_HOME=C:\Program Files\Java\jdk-19
PATH=C:\oraclexe\app\oracle\product\11.2.0\server\bin;C:\app\jihen\product\21c\dbhomeXE\bin;C:\Program Files\Common Files\Oracle\Java\javapath;C:\Program Files (x86)\Common Files\Oracle\Java\javapath;C:\WINDOWS\system32;C:\WINDOWS;C:\WINDOWS\System32\Wbem;C:\WINDOWS\System32\WindowsPowerShell\v1.0\;C:\WINDOWS\System32\OpenSSH\;C:\Program Files\Docker\Docker\resources\bin;C:\Program Files\nodejs\;C:\Program Files\Java\jdk-21\bin;C:\Program Files\Maven\apache-maven-3.9.6-bin\apache-maven-3.9.6\bin;C:\Program Files\Microsoft SQL Server\Client SDK\ODBC\170\Tools\Binn\;C:\Program Files (x86)\Microsoft SQL Server\150\Tools\Binn\;C:\Program Files\Microsoft SQL Server\150\Tools\Binn\;C:\Program Files\Microsoft SQL Server\150\DTS\Binn\;C:\Program Files (x86)\Microsoft SQL Server\160\DTS\Binn\;C:\Program Files\Git\cmd;C:\Program Files\MongoDB\mongosh-2.3.9-win32-x64\bin;C:\Program Files\MongoDB\Tools\mongodb-database-tools-windows-x86_64-100.11.0\bin;C:\Users\jihen\AppData\Local\Programs\Python\Python311\Scripts\;C:\Users\jihen\AppData\Local\Programs\Python\Python311\;C:\Users\jihen\AppData\Local\Microsoft\WindowsApps;;C:\Users\jihen\AppData\Local\Programs\Microsoft VS Code\bin;C:\Users\jihen\AppData\Roaming\npm;C:\Program Files\JetBrains\IntelliJ IDEA 2023.3.6\bin;
USERNAME=jihen
OS=Windows_NT
PROCESSOR_IDENTIFIER=Intel64 Family 6 Model 140 Stepping 1, GenuineIntel
TMP=C:\Users\jihen\AppData\Local\Temp
TEMP=C:\Users\jihen\AppData\Local\Temp




Periodic native trim disabled

---------------  S Y S T E M  ---------------

OS:
 Windows 11 , 64 bit Build 22621 (10.0.22621.4830)
OS uptime: 11 days 21:40 hours

CPU: total 8 (initial active 8) (4 cores per cpu, 2 threads per core) family 6 model 140 stepping 1 microcode 0x86, cx8, cmov, fxsr, ht, mmx, 3dnowpref, sse, sse2, sse3, ssse3, sse4.1, sse4.2, popcnt, lzcnt, tsc, tscinvbit, avx, avx2, aes, erms, clmul, bmi1, bmi2, adx, avx512f, avx512dq, avx512cd, avx512bw, avx512vl, sha, fma, vzeroupper, avx512_vpopcntdq, avx512_vpclmulqdq, avx512_vaes, avx512_vnni, clflush, clflushopt, clwb, avx512_vbmi2, avx512_vbmi, rdtscp, rdpid, fsrm, gfni, avx512_bitalg, f16c, pku, cet_ibt, cet_ss, avx512_ifma
Processor Information for the first 8 processors :
  Max Mhz: 2419, Current Mhz: 2419, Mhz Limit: 2419

Memory: 4k page, system-wide physical 7886M (273M free)
TotalPageFile size 32462M (AvailPageFile size 2M)
current process WorkingSet (physical memory assigned to process): 165M, peak: 165M
current process commit charge ("private bytes"): 262M, peak: 263M

vm_info: OpenJDK 64-Bit Server VM (21.0.6+7-LTS) for windows-amd64 JRE (21.0.6+7-LTS), built on 2025-01-21T00:00:00Z by "admin" with MS VC++ 17.7 (VS2022)

END.
